#
# A fatal error has been detected by the Java Runtime Environment:
#
#  EXCEPTION_ACCESS_VIOLATION (0xc0000005) at pc=0x0000000063088dde, pid=10144, tid=20476
#
# JRE version: Java(TM) SE Runtime Environment (8.0_05-b13) (build 1.8.0_05-b13)
# Java VM: Java HotSpot(TM) 64-Bit Server VM (25.5-b02 mixed mode windows-amd64 compressed oops)
# Problematic frame:
# V  [jvm.dll+0xe8dde]
#
# Failed to write core dump. Minidumps are not enabled by default on client versions of Windows
#
# If you would like to submit a bug report, please visit:
#   http://bugreport.sun.com/bugreport/crash.jsp
#

---------------  T H R E A D  ---------------

Current thread (0x0000000027472800):  VMThread [stack: 0x00000000284f0000,0x00000000285f0000] [id=20476]

siginfo: ExceptionCode=0xc0000005, reading address 0x0000000000000013

Registers:
RAX=0x000000000000000b, RBX=0x000000003053b8d0, RCX=0x000000002beaa8f0, RDX=0x00000007c07acf18
RSP=0x00000000285ef0d0, RBP=0x0000000000000004, RSI=0x0000000000000003, RDI=0x00000007c07acf18
R8 =0x000000002d9feb20, R9 =0x0000000000000003, R10=0x000000002e3f7050, R11=0x00000000285ef158
R12=0x000000002d9feb00, R13=0x000000003053b8d0, R14=0x000000003053b840, R15=0x000000002d9feb20
RIP=0x0000000063088dde, EFLAGS=0x0000000000010206

Top of Stack: (sp=0x00000000285ef0d0)
0x00000000285ef0d0:   000000002d9feb20 000000002e2d2190
0x00000000285ef0e0:   000000002e2d22c0 ffffffffffffffe0
0x00000000285ef0f0:   000000003053b458 00000000630896c7
0x00000000285ef100:   00000007c0725428 0000000000000009
0x00000000285ef110:   0000000000000003 000000006309dc0b
0x00000000285ef120:   00000007c07acf18 00000000285ef2d0
0x00000000285ef130:   0000000028aef0f0 000000003053b458
0x00000000285ef140:   0000000027472800 00000000285ef2d0
0x00000000285ef150:   0000000027472800 00000000631502ed
0x00000000285ef160:   00000007c0725428 000000002d9feb00
0x00000000285ef170:   0000000027472800 0000000002a67720
0x00000000285ef180:   00000000285ef238 000000002e3f6d20
0x00000000285ef190:   0000000027472800 0000000000000000
0x00000000285ef1a0:   0000000700000000 0000000000000000
0x00000000285ef1b0:   000000003053c860 0000000027472800
0x00000000285ef1c0:   0000000027472800 0000000002b3a970 

Instructions: (pc=0x0000000063088dde)
0x0000000063088dbe:   48 8b 41 18 48 c1 e8 14 a8 01 74 06 48 8b 59 10
0x0000000063088dce:   eb 19 48 83 79 08 00 74 44 48 8b 49 08 48 8b 01
0x0000000063088dde:   ff 50 08 84 c0 74 36 48 8b 5b 08 48 85 db 74 2d
0x0000000063088dee:   48 8b 03 48 8b cb ff 50 08 84 c0 74 20 48 85 ff 


Register to memory mapping:

RAX=0x000000000000000b is an unknown value
RBX=0x000000003053b8d0 is an unknown value
RCX=0x000000002beaa8f0 is an unknown value
RDX=0x00000007c07acf18 is an unknown value
RSP=0x00000000285ef0d0 is an unknown value
RBP=0x0000000000000004 is an unknown value
RSI=0x0000000000000003 is an unknown value
RDI=0x00000007c07acf18 is an unknown value
R8 =0x000000002d9feb20 is an unknown value
R9 =0x0000000000000003 is an unknown value
R10=0x000000002e3f7050 is an unknown value
R11=0x00000000285ef158 is an unknown value
R12=0x000000002d9feb00 is an unknown value
R13=0x000000003053b8d0 is an unknown value
R14=0x000000003053b840 is an unknown value
R15=0x000000002d9feb20 is an unknown value


Stack: [0x00000000284f0000,0x00000000285f0000],  sp=0x00000000285ef0d0,  free space=1020k
Native frames: (J=compiled Java code, j=interpreted, Vv=VM code, C=native code)
V  [jvm.dll+0xe8dde]
V  [jvm.dll+0xe96c7]
V  [jvm.dll+0x1b02ed]
V  [jvm.dll+0x56f0b]
V  [jvm.dll+0x1b387d]
V  [jvm.dll+0x1b3b0b]
V  [jvm.dll+0x229aa7]
V  [jvm.dll+0x228ce6]
V  [jvm.dll+0x229181]
V  [jvm.dll+0x22939e]
V  [jvm.dll+0x27baca]
C  [msvcr100.dll+0x21d9f]
C  [msvcr100.dll+0x21e3b]
C  [KERNEL32.DLL+0x17034]
C  [ntdll.dll+0x52651]

VM_Operation (0x0000000028aef0f0): RedefineClasses, mode: safepoint, requested by thread 0x0000000027513000


---------------  P R O C E S S  ---------------

Java Threads: ( => current thread )
  0x000000002d3d9000 JavaThread "MessageBroker-12" [_thread_blocked, id=32432, stack(0x0000000030e90000,0x0000000030f90000)]
  0x000000002d3cf000 JavaThread "MessageBroker-11" [_thread_blocked, id=14816, stack(0x0000000030d90000,0x0000000030e90000)]
  0x000000002d3ce800 JavaThread "MessageBroker-10" [_thread_blocked, id=32380, stack(0x0000000030a90000,0x0000000030b90000)]
  0x000000002d3d5000 JavaThread "MessageBroker-9" [_thread_blocked, id=22708, stack(0x0000000030990000,0x0000000030a90000)]
  0x000000002d3d4800 JavaThread "MessageBroker-8" [_thread_blocked, id=34784, stack(0x000000002eb90000,0x000000002ec90000)]
  0x000000002d3d3000 JavaThread "MessageBroker-7" [_thread_blocked, id=20824, stack(0x000000002e190000,0x000000002e290000)]
  0x000000002d3d1800 JavaThread "MessageBroker-6" [_thread_blocked, id=27408, stack(0x0000000000a80000,0x0000000000b80000)]
  0x000000002d3cd800 JavaThread "http-nio-8083-Acceptor" daemon [_thread_in_native, id=25592, stack(0x0000000030890000,0x0000000030990000)]
  0x000000002d3d0000 JavaThread "http-nio-8083-ClientPoller" daemon [_thread_in_native, id=17172, stack(0x0000000030790000,0x0000000030890000)]
  0x000000002d3cd000 JavaThread "http-nio-8083-exec-10" daemon [_thread_blocked, id=34704, stack(0x0000000030690000,0x0000000030790000)]
  0x000000002d3d2000 JavaThread "http-nio-8083-exec-9" daemon [_thread_blocked, id=20716, stack(0x0000000030590000,0x0000000030690000)]
  0x000000002d3d3800 JavaThread "http-nio-8083-exec-8" daemon [_thread_blocked, id=25028, stack(0x0000000030290000,0x0000000030390000)]
  0x000000002d601000 JavaThread "http-nio-8083-exec-7" daemon [_thread_blocked, id=23216, stack(0x000000002fd90000,0x000000002fe90000)]
  0x000000002d5ff800 JavaThread "http-nio-8083-exec-6" daemon [_thread_blocked, id=16968, stack(0x000000002fc90000,0x000000002fd90000)]
  0x000000002d600800 JavaThread "http-nio-8083-exec-5" daemon [_thread_blocked, id=9204, stack(0x000000002fb90000,0x000000002fc90000)]
  0x000000002d5ff000 JavaThread "http-nio-8083-exec-4" daemon [_thread_blocked, id=23108, stack(0x000000002fa90000,0x000000002fb90000)]
  0x000000002d5fe000 JavaThread "http-nio-8083-exec-3" daemon [_thread_blocked, id=6192, stack(0x000000002f990000,0x000000002fa90000)]
  0x000000002d605000 JavaThread "http-nio-8083-exec-2" daemon [_thread_blocked, id=21560, stack(0x000000002f890000,0x000000002f990000)]
  0x000000002d602800 JavaThread "http-nio-8083-exec-1" daemon [_thread_blocked, id=28144, stack(0x000000002f790000,0x000000002f890000)]
  0x000000002d604000 JavaThread "http-nio-8083-BlockPoller" daemon [_thread_in_native, id=33884, stack(0x000000002f690000,0x000000002f790000)]
  0x000000002d602000 JavaThread "MessageBroker-5" [_thread_blocked, id=27764, stack(0x000000002f590000,0x000000002f690000)]
  0x000000002d603800 JavaThread "MessageBroker-4" [_thread_blocked, id=24928, stack(0x000000002f490000,0x000000002f590000)]
  0x000000002d5f6800 JavaThread "MessageBroker-3" [_thread_blocked, id=29496, stack(0x000000002f390000,0x000000002f490000)]
  0x000000002d5fd800 JavaThread "MessageBroker-2" [_thread_blocked, id=27784, stack(0x000000002f290000,0x000000002f390000)]
  0x000000002d5fc000 JavaThread "File Watcher" daemon [_thread_blocked, id=21704, stack(0x000000002f190000,0x000000002f290000)]
  0x000000002d5fa800 JavaThread "MessageBroker-1" [_thread_blocked, id=1460, stack(0x000000002f090000,0x000000002f190000)]
  0x000000002d5f9000 JavaThread "container-0" [_thread_blocked, id=16956, stack(0x000000002ef90000,0x000000002f090000)]
  0x000000002d5f8000 JavaThread "Catalina-utility-2" [_thread_blocked, id=8832, stack(0x000000002ee90000,0x000000002ef90000)]
  0x000000002d5fc800 JavaThread "Catalina-utility-1" [_thread_blocked, id=25068, stack(0x000000002ec90000,0x000000002ed90000)]
  0x000000002d5f6000 JavaThread "HikariPool-2 housekeeper" daemon [_thread_blocked, id=25556, stack(0x000000002e890000,0x000000002e990000)]
  0x000000002d3d9800 JavaThread "MariaDb-bulk-5" daemon [_thread_blocked, id=25924, stack(0x000000002ccc0000,0x000000002cdc0000)]
  0x000000002d3d8000 JavaThread "MariaDb-bulk-4" daemon [_thread_blocked, id=14940, stack(0x0000000030190000,0x0000000030290000)]
  0x000000002d3dc000 JavaThread "DestroyJavaVM" [_thread_blocked, id=26188, stack(0x00000000025a0000,0x00000000026a0000)]
  0x000000002d3d0800 JavaThread "MariaDb-bulk-3" daemon [_thread_blocked, id=8868, stack(0x0000000030090000,0x0000000030190000)]
  0x000000002d3d7800 JavaThread "MariaDb-bulk-2" daemon [_thread_blocked, id=34620, stack(0x000000002ff90000,0x0000000030090000)]
  0x000000002d3d6800 JavaThread "MariaDb-bulk-1" daemon [_thread_blocked, id=29336, stack(0x000000002fe90000,0x000000002ff90000)]
  0x000000002b8bc800 JavaThread "Live Reload Server" daemon [_thread_in_native, id=26744, stack(0x000000002ed90000,0x000000002ee90000)]
  0x000000002b5bc000 JavaThread "mysql-cj-abandoned-connection-cleanup" daemon [_thread_blocked, id=31452, stack(0x000000002a5f0000,0x000000002a6f0000)]
  0x0000000029446000 JavaThread "RMI TCP Accept-0" daemon [_thread_in_native, id=26052, stack(0x0000000029c10000,0x0000000029d10000)]
  0x000000002942c000 JavaThread "RMI TCP Accept-14507" daemon [_thread_in_native, id=32360, stack(0x0000000029b10000,0x0000000029c10000)]
  0x0000000029436000 JavaThread "RMI TCP Accept-0" daemon [_thread_in_native, id=32368, stack(0x0000000029a10000,0x0000000029b10000)]
  0x00000000275d5800 JavaThread "Service Thread" daemon [_thread_blocked, id=34792, stack(0x00000000290f0000,0x00000000291f0000)]
  0x000000002753f800 JavaThread "C1 CompilerThread3" daemon [_thread_blocked, id=2436, stack(0x0000000028ff0000,0x00000000290f0000)]
  0x000000002753d000 JavaThread "C2 CompilerThread2" daemon [_thread_blocked, id=30252, stack(0x0000000028ef0000,0x0000000028ff0000)]
  0x0000000027537000 JavaThread "C2 CompilerThread1" daemon [_thread_blocked, id=15004, stack(0x0000000028df0000,0x0000000028ef0000)]
  0x0000000027533800 JavaThread "C2 CompilerThread0" daemon [_thread_blocked, id=24824, stack(0x0000000028cf0000,0x0000000028df0000)]
  0x000000002752b000 JavaThread "JDWP Command Reader" daemon [_thread_in_native, id=9140, stack(0x0000000028bf0000,0x0000000028cf0000)]
  0x000000002751d800 JavaThread "JDWP Event Helper Thread" daemon [_thread_blocked, id=7580, stack(0x0000000028af0000,0x0000000028bf0000)]
  0x0000000027513000 JavaThread "JDWP Transport Listener: dt_socket" daemon [_thread_blocked, id=19588, stack(0x00000000289f0000,0x0000000028af0000)]
  0x0000000027507000 JavaThread "Attach Listener" daemon [_thread_blocked, id=12444, stack(0x00000000288f0000,0x00000000289f0000)]
  0x0000000027506800 JavaThread "Signal Dispatcher" daemon [_thread_blocked, id=15324, stack(0x00000000287f0000,0x00000000288f0000)]
  0x0000000025dc0800 JavaThread "Finalizer" daemon [_thread_blocked, id=9972, stack(0x00000000286f0000,0x00000000287f0000)]
  0x0000000025db8000 JavaThread "Reference Handler" daemon [_thread_blocked, id=25952, stack(0x00000000285f0000,0x00000000286f0000)]

Other Threads:
=>0x0000000027472800 VMThread [stack: 0x00000000284f0000,0x00000000285f0000] [id=20476]
  0x000000002947a800 WatcherThread [stack: 0x0000000029d10000,0x0000000029e10000] [id=16564]

VM state:at safepoint (normal execution)

VM Mutex/Monitor currently owned by a thread:  ([mutex/lock_event])
[0x0000000002a44ed0] Threads_lock - owner thread: 0x0000000027472800

Heap:
 PSYoungGen      total 81408K, used 27146K [0x0000000715b00000, 0x000000071c800000, 0x00000007c0000000)
  eden space 54272K, 33% used [0x0000000715b00000,0x0000000716ca21c8,0x0000000719000000)
  from space 27136K, 33% used [0x000000071ad80000,0x000000071b660890,0x000000071c800000)
  to   space 28672K, 0% used [0x0000000719000000,0x0000000719000000,0x000000071ac00000)
 ParOldGen       total 50176K, used 21885K [0x00000005c1000000, 0x00000005c4100000, 0x0000000715b00000)
  object space 50176K, 43% used [0x00000005c1000000,0x00000005c255f7d0,0x00000005c4100000)
 Metaspace       used 55301K, capacity 58566K, committed 58624K, reserved 1099776K
  class space    used 7362K, capacity 7910K, committed 7936K, reserved 1048576K

Card table byte_map: [0x0000000011f00000,0x0000000012f00000] byte_map_base: 0x000000000f0f8000

Marking Bits: (ParMarkBitMap*) 0x00000000637513b0
 Begin Bits: [0x00000000143b0000, 0x000000001c370000)
 End Bits:   [0x000000001c370000, 0x0000000024330000)

Polling page: 0x00000000026a0000

CodeCache: size=245760Kb used=16856Kb max_used=16856Kb free=228903Kb
 bounds [0x0000000002b40000, 0x0000000003bc0000, 0x0000000011b40000]
 total_blobs=8886 nmethods=8359 adapters=447
 compilation: enabled

Compilation events (10 events):
Event: 439.859 Thread 0x000000002753f800 8373       1       com.fasterxml.jackson.core.JsonFactory::createParser (72 bytes)
Event: 439.859 Thread 0x000000002753f800 nmethod 8373 0x0000000003bb3350 code [0x0000000003bb3580, 0x0000000003bb3e58]
Event: 439.859 Thread 0x000000002753f800 8374       1       com.fasterxml.jackson.core.sym.CharsToNameCanonicalizer::<init> (101 bytes)
Event: 439.859 Thread 0x000000002753f800 nmethod 8374 0x0000000003bb48d0 code [0x0000000003bb4a20, 0x0000000003bb4c10]
Event: 439.859 Thread 0x000000002753f800 8375       1       com.fasterxml.jackson.core.sym.CharsToNameCanonicalizer::_thresholdSize (6 bytes)
Event: 439.859 Thread 0x000000002753f800 nmethod 8375 0x0000000003bb4d50 code [0x0000000003bb4ea0, 0x0000000003bb4f90]
Event: 439.859 Thread 0x000000002753f800 8376       1       com.fasterxml.jackson.core.json.ReaderBasedJsonParser::_releaseBuffers (41 bytes)
Event: 439.860 Thread 0x000000002753f800 nmethod 8376 0x0000000003bb5010 code [0x0000000003bb51e0, 0x0000000003bb5738]
Event: 439.860 Thread 0x000000002753f800 8377       1       com.fasterxml.jackson.core.io.IOContext::releaseTokenBuffer (28 bytes)
Event: 439.860 Thread 0x000000002753f800 nmethod 8377 0x0000000003bb5dd0 code [0x0000000003bb5f40, 0x0000000003bb61d8]

GC Heap History (10 events):
Event: 343.949 GC heap before
{Heap before GC invocations=51 (full 7):
 PSYoungGen      total 82432K, used 60111K [0x0000000715b00000, 0x000000071c700000, 0x00000007c0000000)
  eden space 53760K, 100% used [0x0000000715b00000,0x0000000718f80000,0x0000000718f80000)
  from space 28672K, 22% used [0x0000000718f80000,0x00000007195b3c28,0x000000071ab80000)
  to   space 28160K, 0% used [0x000000071ab80000,0x000000071ab80000,0x000000071c700000)
 ParOldGen       total 50176K, used 21845K [0x00000005c1000000, 0x00000005c4100000, 0x0000000715b00000)
  object space 50176K, 43% used [0x00000005c1000000,0x00000005c25557d0,0x00000005c4100000)
 Metaspace       used 54933K, capacity 58076K, committed 58368K, reserved 1099776K
  class space    used 7312K, capacity 7841K, committed 7936K, reserved 1048576K
Event: 343.952 GC heap after
Heap after GC invocations=51 (full 7):
 PSYoungGen      total 80384K, used 7255K [0x0000000715b00000, 0x000000071c500000, 0x00000007c0000000)
  eden space 54272K, 0% used [0x0000000715b00000,0x0000000715b00000,0x0000000719000000)
  from space 26112K, 27% used [0x000000071ab80000,0x000000071b295ef8,0x000000071c500000)
  to   space 27136K, 0% used [0x0000000719000000,0x0000000719000000,0x000000071aa80000)
 ParOldGen       total 50176K, used 21853K [0x00000005c1000000, 0x00000005c4100000, 0x0000000715b00000)
  object space 50176K, 43% used [0x00000005c1000000,0x00000005c25577d0,0x00000005c4100000)
 Metaspace       used 54933K, capacity 58076K, committed 58368K, reserved 1099776K
  class space    used 7312K, capacity 7841K, committed 7936K, reserved 1048576K
}
Event: 344.104 GC heap before
{Heap before GC invocations=52 (full 7):
 PSYoungGen      total 80384K, used 61527K [0x0000000715b00000, 0x000000071c500000, 0x00000007c0000000)
  eden space 54272K, 100% used [0x0000000715b00000,0x0000000719000000,0x0000000719000000)
  from space 26112K, 27% used [0x000000071ab80000,0x000000071b295ef8,0x000000071c500000)
  to   space 27136K, 0% used [0x0000000719000000,0x0000000719000000,0x000000071aa80000)
 ParOldGen       total 50176K, used 21853K [0x00000005c1000000, 0x00000005c4100000, 0x0000000715b00000)
  object space 50176K, 43% used [0x00000005c1000000,0x00000005c25577d0,0x00000005c4100000)
 Metaspace       used 54976K, capacity 58166K, committed 58368K, reserved 1099776K
  class space    used 7323K, capacity 7886K, committed 7936K, reserved 1048576K
Event: 344.109 GC heap after
Heap after GC invocations=52 (full 7):
 PSYoungGen      total 81408K, used 21399K [0x0000000715b00000, 0x000000071ca00000, 0x00000007c0000000)
  eden space 54272K, 0% used [0x0000000715b00000,0x0000000715b00000,0x0000000719000000)
  from space 27136K, 78% used [0x0000000719000000,0x000000071a4e5d20,0x000000071aa80000)
  to   space 29184K, 0% used [0x000000071ad80000,0x000000071ad80000,0x000000071ca00000)
 ParOldGen       total 50176K, used 21861K [0x00000005c1000000, 0x00000005c4100000, 0x0000000715b00000)
  object space 50176K, 43% used [0x00000005c1000000,0x00000005c25597d0,0x00000005c4100000)
 Metaspace       used 54976K, capacity 58166K, committed 58368K, reserved 1099776K
  class space    used 7323K, capacity 7886K, committed 7936K, reserved 1048576K
}
Event: 344.173 GC heap before
{Heap before GC invocations=53 (full 7):
 PSYoungGen      total 81408K, used 75671K [0x0000000715b00000, 0x000000071ca00000, 0x00000007c0000000)
  eden space 54272K, 100% used [0x0000000715b00000,0x0000000719000000,0x0000000719000000)
  from space 27136K, 78% used [0x0000000719000000,0x000000071a4e5d20,0x000000071aa80000)
  to   space 29184K, 0% used [0x000000071ad80000,0x000000071ad80000,0x000000071ca00000)
 ParOldGen       total 50176K, used 21861K [0x00000005c1000000, 0x00000005c4100000, 0x0000000715b00000)
  object space 50176K, 43% used [0x00000005c1000000,0x00000005c25597d0,0x00000005c4100000)
 Metaspace       used 55033K, capacity 58256K, committed 58368K, reserved 1099776K
  class space    used 7331K, capacity 7901K, committed 7936K, reserved 1048576K
Event: 344.177 GC heap after
Heap after GC invocations=53 (full 7):
 PSYoungGen      total 82432K, used 20976K [0x0000000715b00000, 0x000000071cf00000, 0x00000007c0000000)
  eden space 53248K, 0% used [0x0000000715b00000,0x0000000715b00000,0x0000000718f00000)
  from space 29184K, 71% used [0x000000071ad80000,0x000000071c1fc338,0x000000071ca00000)
  to   space 31232K, 0% used [0x0000000718f00000,0x0000000718f00000,0x000000071ad80000)
 ParOldGen       total 50176K, used 21869K [0x00000005c1000000, 0x00000005c4100000, 0x0000000715b00000)
  object space 50176K, 43% used [0x00000005c1000000,0x00000005c255b7d0,0x00000005c4100000)
 Metaspace       used 55033K, capacity 58256K, committed 58368K, reserved 1099776K
  class space    used 7331K, capacity 7901K, committed 7936K, reserved 1048576K
}
Event: 361.568 GC heap before
{Heap before GC invocations=54 (full 7):
 PSYoungGen      total 82432K, used 74224K [0x0000000715b00000, 0x000000071cf00000, 0x00000007c0000000)
  eden space 53248K, 100% used [0x0000000715b00000,0x0000000718f00000,0x0000000718f00000)
  from space 29184K, 71% used [0x000000071ad80000,0x000000071c1fc338,0x000000071ca00000)
  to   space 31232K, 0% used [0x0000000718f00000,0x0000000718f00000,0x000000071ad80000)
 ParOldGen       total 50176K, used 21869K [0x00000005c1000000, 0x00000005c4100000, 0x0000000715b00000)
  object space 50176K, 43% used [0x00000005c1000000,0x00000005c255b7d0,0x00000005c4100000)
 Metaspace       used 55256K, capacity 58490K, committed 58624K, reserved 1099776K
  class space    used 7353K, capacity 7908K, committed 7936K, reserved 1048576K
Event: 361.571 GC heap after
Heap after GC invocations=54 (full 7):
 PSYoungGen      total 84480K, used 8817K [0x0000000715b00000, 0x000000071ca80000, 0x00000007c0000000)
  eden space 53248K, 0% used [0x0000000715b00000,0x0000000715b00000,0x0000000718f00000)
  from space 31232K, 28% used [0x0000000718f00000,0x000000071979c730,0x000000071ad80000)
  to   space 29696K, 0% used [0x000000071ad80000,0x000000071ad80000,0x000000071ca80000)
 ParOldGen       total 50176K, used 21877K [0x00000005c1000000, 0x00000005c4100000, 0x0000000715b00000)
  object space 50176K, 43% used [0x00000005c1000000,0x00000005c255d7d0,0x00000005c4100000)
 Metaspace       used 55256K, capacity 58490K, committed 58624K, reserved 1099776K
  class space    used 7353K, capacity 7908K, committed 7936K, reserved 1048576K
}
Event: 423.753 GC heap before
{Heap before GC invocations=55 (full 7):
 PSYoungGen      total 84480K, used 62065K [0x0000000715b00000, 0x000000071ca80000, 0x00000007c0000000)
  eden space 53248K, 100% used [0x0000000715b00000,0x0000000718f00000,0x0000000718f00000)
  from space 31232K, 28% used [0x0000000718f00000,0x000000071979c730,0x000000071ad80000)
  to   space 29696K, 0% used [0x000000071ad80000,0x000000071ad80000,0x000000071ca80000)
 ParOldGen       total 50176K, used 21877K [0x00000005c1000000, 0x00000005c4100000, 0x0000000715b00000)
  object space 50176K, 43% used [0x00000005c1000000,0x00000005c255d7d0,0x00000005c4100000)
 Metaspace       used 55280K, capacity 58566K, committed 58624K, reserved 1099776K
  class space    used 7360K, capacity 7910K, committed 7936K, reserved 1048576K
Event: 423.756 GC heap after
Heap after GC invocations=55 (full 7):
 PSYoungGen      total 81408K, used 9090K [0x0000000715b00000, 0x000000071c800000, 0x00000007c0000000)
  eden space 54272K, 0% used [0x0000000715b00000,0x0000000715b00000,0x0000000719000000)
  from space 27136K, 33% used [0x000000071ad80000,0x000000071b660890,0x000000071c800000)
  to   space 28672K, 0% used [0x0000000719000000,0x0000000719000000,0x000000071ac00000)
 ParOldGen       total 50176K, used 21885K [0x00000005c1000000, 0x00000005c4100000, 0x0000000715b00000)
  object space 50176K, 43% used [0x00000005c1000000,0x00000005c255f7d0,0x00000005c4100000)
 Metaspace       used 55280K, capacity 58566K, committed 58624K, reserved 1099776K
  class space    used 7360K, capacity 7910K, committed 7936K, reserved 1048576K
}

Deoptimization events (0 events):
No events

Internal exceptions (10 events):
Event: 358.874 Thread 0x000000002d601000 Exception <a 'java/security/PrivilegedActionException'> (0x0000000718b7c708) thrown at [D:\re\workspace\8-2-build-windows-amd64-cygwin\jdk8u5\2488\hotspot\src\share\vm\prims\jvm.cpp, line 1248]
Event: 358.874 Thread 0x000000002d601000 Exception <a 'java/lang/ClassNotFoundException': com/gencode/issuetool/obj/IotFireIdxCustomizer> (0x0000000718b7ebb8) thrown at [D:\re\workspace\8-2-build-windows-amd64-cygwin\jdk8u5\2488\hotspot\src\share\vm\classfile\systemDictionary.cpp, line 202]
Event: 358.906 Thread 0x000000002d601000 Exception <a 'java/security/PrivilegedActionException'> (0x0000000718b92928) thrown at [D:\re\workspace\8-2-build-windows-amd64-cygwin\jdk8u5\2488\hotspot\src\share\vm\prims\jvm.cpp, line 1248]
Event: 358.907 Thread 0x000000002d601000 Exception <a 'java/security/PrivilegedActionException'> (0x0000000718b94618) thrown at [D:\re\workspace\8-2-build-windows-amd64-cygwin\jdk8u5\2488\hotspot\src\share\vm\prims\jvm.cpp, line 1248]
Event: 358.908 Thread 0x000000002d601000 Exception <a 'java/lang/ArrayIndexOutOfBoundsException'> (0x0000000718be1068) thrown at [D:\re\workspace\8-2-build-windows-amd64-cygwin\jdk8u5\2488\hotspot\src\share\vm\runtime\sharedRuntime.cpp, line 595]
Event: 358.908 Thread 0x000000002d601000 Exception <a 'java/lang/ArrayIndexOutOfBoundsException'> (0x0000000718c08d80) thrown at [D:\re\workspace\8-2-build-windows-amd64-cygwin\jdk8u5\2488\hotspot\src\share\vm\runtime\sharedRuntime.cpp, line 595]
Event: 358.908 Thread 0x000000002d601000 Exception <a 'java/lang/ArrayIndexOutOfBoundsException'> (0x0000000718c0a618) thrown at [D:\re\workspace\8-2-build-windows-amd64-cygwin\jdk8u5\2488\hotspot\src\share\vm\runtime\sharedRuntime.cpp, line 595]
Event: 358.908 Thread 0x000000002d601000 Exception <a 'java/lang/ArrayIndexOutOfBoundsException'> (0x0000000718c0ba18) thrown at [D:\re\workspace\8-2-build-windows-amd64-cygwin\jdk8u5\2488\hotspot\src\share\vm\runtime\sharedRuntime.cpp, line 595]
Event: 358.908 Thread 0x000000002d601000 Exception <a 'java/lang/ArrayIndexOutOfBoundsException'> (0x0000000718c0cb18) thrown at [D:\re\workspace\8-2-build-windows-amd64-cygwin\jdk8u5\2488\hotspot\src\share\vm\runtime\sharedRuntime.cpp, line 595]
Event: 419.326 Thread 0x000000002d602000 Exception <a 'java/security/PrivilegedActionException'> (0x000000071888b8e0) thrown at [D:\re\workspace\8-2-build-windows-amd64-cygwin\jdk8u5\2488\hotspot\src\share\vm\prims\jvm.cpp, line 1248]

Events (10 events):
Event: 419.326 Thread 0x000000002d602000 DEOPT UNPACKING pc=0x0000000002b87204 sp=0x000000002f68bf20 mode 1
Event: 419.326 Thread 0x000000002d602000 DEOPT PACKING pc=0x0000000002d184dc sp=0x000000002f68c250
Event: 419.326 Thread 0x000000002d602000 DEOPT UNPACKING pc=0x0000000002b87204 sp=0x000000002f68bf80 mode 1
Event: 419.326 Thread 0x000000002d602000 DEOPT PACKING pc=0x0000000002f8ca94 sp=0x000000002f68ce30
Event: 419.326 Thread 0x000000002d602000 DEOPT UNPACKING pc=0x0000000002b87204 sp=0x000000002f68cb48 mode 1
Event: 419.326 Thread 0x000000002d602000 DEOPT PACKING pc=0x0000000003992dcc sp=0x000000002f68cee0
Event: 419.326 Thread 0x000000002d602000 DEOPT UNPACKING pc=0x0000000002b87204 sp=0x000000002f68cca8 mode 1
Event: 423.753 Executing VM operation: ParallelGCFailedAllocation
Event: 423.756 Executing VM operation: ParallelGCFailedAllocation done
Event: 443.611 Executing VM operation: RedefineClasses


Dynamic libraries:
0x00007ff6b1af0000 - 0x00007ff6b1b24000 	C:\Program Files\Java\jdk1.8.0_05\bin\javaw.exe
0x00007ff8fb6b0000 - 0x00007ff8fb8a7000 	C:\WINDOWS\SYSTEM32\ntdll.dll
0x00007ff8fadb0000 - 0x00007ff8fae6d000 	C:\WINDOWS\System32\KERNEL32.DLL
0x00007ff8f9100000 - 0x00007ff8f93cd000 	C:\WINDOWS\System32\KERNELBASE.dll
0x00007ff8fb010000 - 0x00007ff8fb0be000 	C:\WINDOWS\System32\ADVAPI32.dll
0x00007ff8fac40000 - 0x00007ff8facde000 	C:\WINDOWS\System32\msvcrt.dll
0x00007ff8fa120000 - 0x00007ff8fa1bc000 	C:\WINDOWS\System32\sechost.dll
0x00007ff8fa3a0000 - 0x00007ff8fa4c5000 	C:\WINDOWS\System32\RPCRT4.dll
0x00007ff8f9e60000 - 0x00007ff8fa000000 	C:\WINDOWS\System32\USER32.dll
0x00007ff8f9640000 - 0x00007ff8f9662000 	C:\WINDOWS\System32\win32u.dll
0x00007ff8fac00000 - 0x00007ff8fac2a000 	C:\WINDOWS\System32\GDI32.dll
0x00007ff8f93d0000 - 0x00007ff8f94db000 	C:\WINDOWS\System32\gdi32full.dll
0x00007ff8f9670000 - 0x00007ff8f970d000 	C:\WINDOWS\System32\msvcp_win.dll
0x00007ff8f8f40000 - 0x00007ff8f9040000 	C:\WINDOWS\System32\ucrtbase.dll
0x00007ff8e9b80000 - 0x00007ff8e9e1a000 	C:\WINDOWS\WinSxS\amd64_microsoft.windows.common-controls_6595b64144ccf1df_6.0.19041.1110_none_60b5254171f9507e\COMCTL32.dll
0x00007ff8fb640000 - 0x00007ff8fb670000 	C:\WINDOWS\System32\IMM32.DLL
0x00000000637d0000 - 0x00000000638a2000 	C:\Program Files\Java\jdk1.8.0_05\jre\bin\msvcr100.dll
0x0000000062fa0000 - 0x00000000637ca000 	C:\Program Files\Java\jdk1.8.0_05\jre\bin\server\jvm.dll
0x00007ff8fa9c0000 - 0x00007ff8fa9c8000 	C:\WINDOWS\System32\PSAPI.DLL
0x00007ff8ef530000 - 0x00007ff8ef557000 	C:\WINDOWS\SYSTEM32\WINMM.dll
0x00007ff8f4070000 - 0x00007ff8f4079000 	C:\WINDOWS\SYSTEM32\WSOCK32.dll
0x00007ff8fab90000 - 0x00007ff8fabfb000 	C:\WINDOWS\System32\WS2_32.dll
0x00000000651e0000 - 0x00000000651ef000 	C:\Program Files\Java\jdk1.8.0_05\jre\bin\verify.dll
0x0000000062f70000 - 0x0000000062f98000 	C:\Program Files\Java\jdk1.8.0_05\jre\bin\java.dll
0x0000000062f30000 - 0x0000000062f65000 	C:\Program Files\Java\jdk1.8.0_05\jre\bin\jdwp.dll
0x0000000062f20000 - 0x0000000062f28000 	C:\Program Files\Java\jdk1.8.0_05\jre\bin\npt.dll
0x0000000062f00000 - 0x0000000062f16000 	C:\Program Files\Java\jdk1.8.0_05\jre\bin\zip.dll
0x00007ff8f9710000 - 0x00007ff8f9e54000 	C:\WINDOWS\System32\SHELL32.dll
0x00007ff8f6ea0000 - 0x00007ff8f7634000 	C:\WINDOWS\SYSTEM32\windows.storage.dll
0x00007ff8fb0c0000 - 0x00007ff8fb414000 	C:\WINDOWS\System32\combase.dll
0x00007ff8f8830000 - 0x00007ff8f885c000 	C:\WINDOWS\SYSTEM32\Wldp.dll
0x00007ff8fa2f0000 - 0x00007ff8fa39d000 	C:\WINDOWS\System32\SHCORE.dll
0x00007ff8fafb0000 - 0x00007ff8fb005000 	C:\WINDOWS\System32\shlwapi.dll
0x00007ff8f8d10000 - 0x00007ff8f8d2f000 	C:\WINDOWS\SYSTEM32\profapi.dll
0x0000000062ef0000 - 0x0000000062ef9000 	C:\Program Files\Java\jdk1.8.0_05\jre\bin\dt_socket.dll
0x00007ff8ea3b0000 - 0x00007ff8ea3c7000 	C:\WINDOWS\system32\napinsp.dll
0x00007ff8ea390000 - 0x00007ff8ea3ab000 	C:\WINDOWS\system32\pnrpnsp.dll
0x00007ff8ea370000 - 0x00007ff8ea385000 	C:\WINDOWS\system32\wshbth.dll
0x00007ff8f5540000 - 0x00007ff8f555d000 	C:\WINDOWS\system32\NLAapi.dll
0x00007ff8f8230000 - 0x00007ff8f826b000 	C:\WINDOWS\SYSTEM32\IPHLPAPI.DLL
0x00007ff8f8590000 - 0x00007ff8f85fa000 	C:\WINDOWS\System32\mswsock.dll
0x00007ff8f8280000 - 0x00007ff8f834b000 	C:\WINDOWS\SYSTEM32\DNSAPI.dll
0x00007ff8fac30000 - 0x00007ff8fac38000 	C:\WINDOWS\System32\NSI.dll
0x00007ff8ea350000 - 0x00007ff8ea362000 	C:\WINDOWS\System32\winrnr.dll
0x00007ff8f1590000 - 0x00007ff8f1610000 	C:\WINDOWS\System32\fwpuclnt.dll
0x00007ff8f90d0000 - 0x00007ff8f90f7000 	C:\WINDOWS\System32\bcrypt.dll
0x00007ff8f1670000 - 0x00007ff8f167a000 	C:\Windows\System32\rasadhlp.dll
0x0000000062ee0000 - 0x0000000062eed000 	C:\Program Files\Java\jdk1.8.0_05\jre\bin\management.dll
0x0000000062ec0000 - 0x0000000062eda000 	C:\Program Files\Java\jdk1.8.0_05\jre\bin\net.dll
0x0000000062dc0000 - 0x0000000062dd1000 	C:\Program Files\Java\jdk1.8.0_05\jre\bin\nio.dll
0x00007ff8f8780000 - 0x00007ff8f8798000 	C:\WINDOWS\SYSTEM32\CRYPTSP.dll
0x00007ff8f7ea0000 - 0x00007ff8f7ed4000 	C:\WINDOWS\system32\rsaenh.dll
0x00007ff8f8c90000 - 0x00007ff8f8cbe000 	C:\WINDOWS\SYSTEM32\USERENV.dll
0x00007ff8f9040000 - 0x00007ff8f90c2000 	C:\WINDOWS\System32\bcryptprimitives.dll
0x00007ff8f87a0000 - 0x00007ff8f87ac000 	C:\WINDOWS\SYSTEM32\CRYPTBASE.dll
0x00007ff8f39f0000 - 0x00007ff8f3a07000 	C:\WINDOWS\SYSTEM32\dhcpcsvc6.DLL
0x00007ff8f39c0000 - 0x00007ff8f39dd000 	C:\WINDOWS\SYSTEM32\dhcpcsvc.DLL
0x0000000062d70000 - 0x0000000062d94000 	C:\Program Files\Java\jdk1.8.0_05\jre\bin\sunec.dll
0x00007ff8eae20000 - 0x00007ff8eb004000 	C:\WINDOWS\SYSTEM32\dbghelp.dll

VM Arguments:
jvm_args: -agentlib:jdwp=transport=dt_socket,suspend=y,address=localhost:14508 -Dcom.sun.management.jmxremote -Dcom.sun.management.jmxremote.port=14507 -Dcom.sun.management.jmxremote.authenticate=false -Dcom.sun.management.jmxremote.ssl=false -Djava.rmi.server.hostname=localhost -Dspring.jmx.enabled=true -Dspring.application.admin.enabled=true -Xverify:none -XX:TieredStopAtLevel=1 -Dspring.boot.project.name=wp-dashboard-hdg -Dfile.encoding=UTF-8 
java_command: com.gencode.issuetool.IssuetoolChatApp --spring.output.ansi.enabled=always
java_class_path (initial): C:\dev\workspace\java\wp-dashboard-hdg\target\classes;C:\dev\sts-4.4.1.RELEASE\plugins\org.junit_4.12.0.v201504281640\junit.jar;C:\dev\sts-4.4.1.RELEASE\plugins\org.hamcrest.core_1.3.0.v20180420-1519.jar;C:\dev\sts-4.4.1.RELEASE\plugins\org.junit.jupiter.api_5.5.1.v20190826-0900.jar;C:\dev\sts-4.4.1.RELEASE\plugins\org.junit.jupiter.engine_5.5.1.v20190826-0900.jar;C:\dev\sts-4.4.1.RELEASE\plugins\org.junit.jupiter.migrationsupport_5.5.1.v20190826-0900.jar;C:\dev\sts-4.4.1.RELEASE\plugins\org.junit.jupiter.params_5.5.1.v20190826-0900.jar;C:\dev\sts-4.4.1.RELEASE\plugins\org.junit.platform.commons_1.5.1.v20190826-0900.jar;C:\dev\sts-4.4.1.RELEASE\plugins\org.junit.platform.engine_1.5.1.v20190826-0900.jar;C:\dev\sts-4.4.1.RELEASE\plugins\org.junit.platform.launcher_1.5.1.v20190826-0900.jar;C:\dev\sts-4.4.1.RELEASE\plugins\org.junit.platform.runner_1.5.1.v20190826-0900.jar;C:\dev\sts-4.4.1.RELEASE\plugins\org.junit.platform.suite.api_1.5.1.v20190826-0900.jar;C:\dev\sts-4.4.1.RELEASE\plugins\org.junit.vintage.engine_5.5.1.v20190826-0900.jar;C:\dev\sts-4.4.1.RELEASE\plugins\org.opentest4j_1.2.0.v20190826-0900.jar;C:\dev\sts-4.4.1.RELEASE\plugins\org.apiguardian_1.1.0.v20190826-0900.jar;C:\Users\jinno\.m2\repository\org\springframework\boot\spring-boot-starter-websocket\2.2.2.RELEASE\spring-boot-starter-websocket-2.2.2.RELEASE.jar;C:\Users\jinno\.m2\repository\org\springframework\spring-messaging\5.2.2.RELEASE\spring-messaging-5.2.2.RELEASE.jar;C:\Users\jinno\.m2\repository\org\springframework\spring-websocket\5.2.2.RELEASE\spring-websocket-5.2.2.RELEASE.jar;C:\Users\jinno\.m2\repository\org\springframework\boot\spring-boot-starter\2.2.2.RELEASE\spring-boot-starter-2.2.2.RELEASE.jar;C:\Users\jinno\.m2\repository\org\springframework\boot\spring-boot-starter-logging\2.2.2.RELEASE\spring-boot-starter-logging-2.2.2.RELEASE.jar;C:\Users\jinno\.m2\repository\ch\qos\logback\logback-classic\1.2.3\logback-classic-1.2.3.jar;C:\Users\jinno\.m2\repository\
Launcher Type: SUN_STANDARD

Environment Variables:
PATH=C:\Program Files\Java\jdk1.8.0_05\jre\bin;C:/Program Files/Java/jre1.8.0_311/bin/server;C:/Program Files/Java/jre1.8.0_311/bin;C:/Program Files/Java/jre1.8.0_311/lib/amd64;C:\Program Files (x86)\Common Files\Oracle\Java\javapath;C:\Python27\;C:\Python27\Scripts;C:\WINDOWS\system32;C:\WINDOWS;C:\WINDOWS\System32\Wbem;C:\WINDOWS\System32\WindowsPowerShell\v1.0\;C:\Program Files\nodejs\;C:\ProgramData\chocolatey\bin;C:\WINDOWS\System32\OpenSSH\;C:\Program Files\Git\cmd;C:\Program Files\PuTTY\;C:\Program Files\Microsoft SQL Server\110\Tools\Binn\;C:\Program Files\TortoiseGit\bin;C:\Program Files (x86)\Microsoft SQL Server\Client SDK\ODBC\130\Tools\Binn\;C:\Program Files (x86)\Microsoft SQL Server\140\Tools\Binn\;C:\Program Files (x86)\Microsoft SQL Server\140\DTS\Binn\;C:\Program Files (x86)\Microsoft SQL Server\140\Tools\Binn\ManagementStudio\;C:\Program Files\Microsoft SQL Server\Client SDK\ODBC\130\Tools\Binn\;C:\Program Files\Microsoft SQL Server\140\Tools\Binn\;C:\Program Files\Microsoft SQL Server\140\DTS\Binn\;C:\Program Files\Microsoft\Web Platform Installer\;C:\dev\tools\openssl-0.9.8k_X64\bin;C:\Program Files\dotnet\;C:\Program Files\MySQL\MySQL Shell 8.0\bin\;C:\Users\jinno\AppData\Local\Microsoft\WindowsApps;C:\Users\jinno\AppData\Roaming\npm;C:\Users\jinno\AppData\Local\Programs\Microsoft VS Code\bin;C:\Users\jinno\AppData\Local\GitHubDesktop\bin;C:\msys64\mingw64\bin;;C:\dev\sts-4.4.1.RELEASE;
USERNAME=jinno
OS=Windows_NT
PROCESSOR_IDENTIFIER=AMD64 Family 23 Model 113 Stepping 0, AuthenticAMD



---------------  S Y S T E M  ---------------

OS: Windows 8.1 , 64 bit Build 9600 

CPU:total 12 (12 cores per cpu, 1 threads per core) family 23 model 113 stepping 0, cmov, cx8, fxsr, mmx, sse, sse2, sse3, ssse3, sse4.1, sse4.2, popcnt, avx, avx2, aes, clmul, mmxext, 3dnowpref, lzcnt, sse4a, tsc, tscinvbit

Memory: 4k page, physical 33483928k(20317596k free), swap 45018264k(17465828k free)

vm_info: Java HotSpot(TM) 64-Bit Server VM (25.5-b02) for windows-amd64 JRE (1.8.0_05-b13), built on Mar 18 2014 01:08:39 by "java_re" with MS VC++ 10.0 (VS2010)

time: Tue Oct 11 07:53:07 2022
elapsed time: 443 seconds

