#
# A fatal error has been detected by the Java Runtime Environment:
#
#  EXCEPTION_ACCESS_VIOLATION (0xc0000005) at pc=0x00000000734472f5, pid=16224, tid=16492
#
# JRE version: Java(TM) SE Runtime Environment (8.0_05-b13) (build 1.8.0_05-b13)
# Java VM: Java HotSpot(TM) 64-Bit Server VM (25.5-b02 mixed mode windows-amd64 compressed oops)
# Problematic frame:
# V  [jvm.dll+0x1172f5]
#
# Failed to write core dump. Minidumps are not enabled by default on client versions of Windows
#
# If you would like to submit a bug report, please visit:
#   http://bugreport.sun.com/bugreport/crash.jsp
#

---------------  T H R E A D  ---------------

Current thread (0x0000000027b21000):  JavaThread "JDWP Transport Listener: dt_socket" daemon [_thread_in_vm, id=16492, stack(0x0000000028ff0000,0x00000000290f0000)]

siginfo: ExceptionCode=0xc0000005, reading address 0xffffffffffffffff

Registers:
RAX=0x00000000290ef401, RBX=0x0000000027b21000, RCX=0x2479727473696765, RDX=0x0000000000000000
RSP=0x00000000290ef3e0, RBP=0x2479727473696765, RSI=0x00000000290ef4f8, RDI=0x0000000002ec47e0
R8 =0x0000000027b21000, R9 =0x0000000000000001, R10=0x0000000000008000, R11=0x00000000290ef330
R12=0x0000000000000000, R13=0x0000000027b29a18, R14=0x0000000000000000, R15=0x0000000000000000
RIP=0x00000000734472f5, EFLAGS=0x0000000000010206

Top of Stack: (sp=0x00000000290ef3e0)
0x00000000290ef3e0:   0000000027b21000 0000000027b21000
0x00000000290ef3f0:   00000000290ef4a8 000000007363a04b
0x00000000290ef400:   0000000027b21000 00000000736568ad
0x00000000290ef410:   0000000000000000 00000000752a9149
0x00000000290ef420:   000000002a334538 00000000752b2912
0x00000000290ef430:   0000000027b21000 0000000000000000
0x00000000290ef440:   0000000000000000 0000000000000000
0x00000000290ef450:   2479727473696765 00000000752b1a09
0x00000000290ef460:   00000000290ef4f8 00000000290ef4d0
0x00000000290ef470:   0000000000000001 000000002a334538
0x00000000290ef480:   2479727473696765 00000000752953b3
0x00000000290ef490:   00000000290ef5c0 0000000000000001
0x00000000290ef4a0:   0000000000000001 000000002a334538
0x00000000290ef4b0:   0000000000000009 0000000000000000
0x00000000290ef4c0:   0000000000000000 0000000000000000
0x00000000290ef4d0:   0000000000000001 0000000075295571 

Instructions: (pc=0x00000000734472f5)
0x00000000734472d5:   cc cc cc cc cc cc cc cc cc cc cc 48 83 ec 28 48
0x00000000734472e5:   85 c9 75 07 33 c0 48 83 c4 28 c3 48 89 5c 24 20
0x00000000734472f5:   48 8b 19 48 85 db 74 20 48 83 fb 37 74 1a 48 8b
0x0000000073447305:   13 48 8b cb ff 52 08 84 c0 74 0d 48 8b c3 48 8b 


Register to memory mapping:

RAX=0x00000000290ef401 is pointing into the stack for thread: 0x0000000027b21000
RBX=0x0000000027b21000 is a thread
RCX=0x2479727473696765 is an unknown value
RDX=0x0000000000000000 is an unknown value
RSP=0x00000000290ef3e0 is pointing into the stack for thread: 0x0000000027b21000
RBP=0x2479727473696765 is an unknown value
RSI=0x00000000290ef4f8 is pointing into the stack for thread: 0x0000000027b21000
RDI=0x0000000002ec47e0 is an unknown value
R8 =0x0000000027b21000 is a thread
R9 =0x0000000000000001 is an unknown value
R10=0x0000000000008000 is an unknown value
R11=0x00000000290ef330 is pointing into the stack for thread: 0x0000000027b21000
R12=0x0000000000000000 is an unknown value
R13=0x0000000027b29a18 is an unknown value
R14=0x0000000000000000 is an unknown value
R15=0x0000000000000000 is an unknown value


Stack: [0x0000000028ff0000,0x00000000290f0000],  sp=0x00000000290ef3e0,  free space=1020k
Native frames: (J=compiled Java code, j=interpreted, Vv=VM code, C=native code)
V  [jvm.dll+0x1172f5]
V  [jvm.dll+0x3268ad]
C  [jdwp.dll+0x21a09]
C  [jdwp.dll+0x53b3]
C  [jdwp.dll+0x5571]
C  [jdwp.dll+0xf09c]
C  [jdwp.dll+0x1f2c9]
C  [jdwp.dll+0x1f49e]
V  [jvm.dll+0x1a7128]
V  [jvm.dll+0x2232c4]
V  [jvm.dll+0x27baca]
C  [msvcr100.dll+0x21d9f]
C  [msvcr100.dll+0x21e3b]
C  [KERNEL32.DLL+0x17034]
C  [ntdll.dll+0x52651]


---------------  P R O C E S S  ---------------

Java Threads: ( => current thread )
  0x000000002ab6c800 JavaThread "ReaderThread" [_thread_in_native, id=32576, stack(0x000000002b0c0000,0x000000002b1c0000)]
  0x00000000294e7800 JavaThread "Service Thread" daemon [_thread_blocked, id=24944, stack(0x0000000029ef0000,0x0000000029ff0000)]
  0x0000000029455000 JavaThread "C1 CompilerThread3" daemon [_thread_blocked, id=16568, stack(0x0000000029df0000,0x0000000029ef0000)]
  0x0000000029454800 JavaThread "C2 CompilerThread2" daemon [_thread_blocked, id=28876, stack(0x0000000029cf0000,0x0000000029df0000)]
  0x00000000293d4000 JavaThread "C2 CompilerThread1" daemon [_thread_blocked, id=24540, stack(0x0000000029bf0000,0x0000000029cf0000)]
  0x00000000293d3000 JavaThread "C2 CompilerThread0" daemon [_thread_blocked, id=37656, stack(0x0000000029af0000,0x0000000029bf0000)]
  0x0000000027b32800 JavaThread "JDWP Command Reader" daemon [_thread_in_native, id=17976, stack(0x00000000291f0000,0x00000000292f0000)]
  0x0000000027b2c800 JavaThread "JDWP Event Helper Thread" daemon [_thread_blocked, id=9676, stack(0x00000000290f0000,0x00000000291f0000)]
=>0x0000000027b21000 JavaThread "JDWP Transport Listener: dt_socket" daemon [_thread_in_vm, id=16492, stack(0x0000000028ff0000,0x00000000290f0000)]
  0x0000000027b15000 JavaThread "Attach Listener" daemon [_thread_blocked, id=11232, stack(0x0000000028ef0000,0x0000000028ff0000)]
  0x0000000027b14000 JavaThread "Signal Dispatcher" daemon [_thread_blocked, id=3644, stack(0x0000000028df0000,0x0000000028ef0000)]
  0x00000000263b2800 JavaThread "Finalizer" daemon [_thread_blocked, id=15628, stack(0x0000000028cf0000,0x0000000028df0000)]
  0x00000000263aa000 JavaThread "Reference Handler" daemon [_thread_blocked, id=10476, stack(0x0000000028bf0000,0x0000000028cf0000)]
  0x0000000002ecb000 JavaThread "main" [_thread_blocked, id=26520, stack(0x0000000002dc0000,0x0000000002ec0000)]

Other Threads:
  0x0000000027a72800 VMThread [stack: 0x0000000028af0000,0x0000000028bf0000] [id=39296]
  0x00000000294e8000 WatcherThread [stack: 0x0000000029ff0000,0x000000002a0f0000] [id=24052]

VM state:not at safepoint (normal execution)

VM Mutex/Monitor currently owned by a thread: None

Heap:
 PSYoungGen      total 17920K, used 2086K [0x0000000715b00000, 0x0000000716e00000, 0x00000007c0000000)
  eden space 16384K, 6% used [0x0000000715b00000,0x0000000715c19b00,0x0000000716b00000)
  from space 1536K, 62% used [0x0000000716c80000,0x0000000716d70000,0x0000000716e00000)
  to   space 1536K, 0% used [0x0000000716b00000,0x0000000716b00000,0x0000000716c80000)
 ParOldGen       total 522752K, used 4242K [0x00000005c1000000, 0x00000005e0e80000, 0x0000000715b00000)
  object space 522752K, 0% used [0x00000005c1000000,0x00000005c1424938,0x00000005e0e80000)
 Metaspace       used 10508K, capacity 11288K, committed 11392K, reserved 1058816K
  class space    used 1275K, capacity 1404K, committed 1408K, reserved 1048576K

Card table byte_map: [0x00000000124f0000,0x00000000134f0000] byte_map_base: 0x000000000f6e8000

Marking Bits: (ParMarkBitMap*) 0x0000000073ae13b0
 Begin Bits: [0x00000000149a0000, 0x000000001c960000)
 End Bits:   [0x000000001c960000, 0x0000000024920000)

Polling page: 0x0000000000bf0000

CodeCache: size=245760Kb used=5262Kb max_used=5359Kb free=240497Kb
 bounds [0x0000000003130000, 0x0000000003670000, 0x0000000012130000]
 total_blobs=1648 nmethods=1308 adapters=263
 compilation: enabled

Compilation events (10 events):
Event: 0.850 Thread 0x0000000029455000 nmethod 1303 0x00000000036245d0 code [0x0000000003624780, 0x0000000003624cc8]
Event: 0.850 Thread 0x0000000029455000 1304       3       java.lang.invoke.LambdaForm::basicTypeSignature (59 bytes)
Event: 0.851 Thread 0x0000000029455000 nmethod 1304 0x0000000003622a10 code [0x0000000003622c60, 0x0000000003623af8]
Event: 0.851 Thread 0x0000000029455000 1305       3       java.lang.invoke.InnerClassLambdaMetafactory::getOpcodeOffset (38 bytes)
Event: 0.851 Thread 0x0000000029455000 nmethod 1305 0x0000000003622490 code [0x0000000003622600, 0x0000000003622948]
Event: 0.851 Thread 0x0000000029455000 1306   !   3       java.lang.invoke.MethodHandleNatives::linkMethodHandleConstant (154 bytes)
Event: 0.852 Thread 0x0000000029455000 nmethod 1306 0x0000000003620f10 code [0x0000000003621180, 0x0000000003621d38]
Event: 0.852 Thread 0x0000000029455000 1307       3       java.lang.String::trim (77 bytes)
Event: 0.852 Thread 0x0000000029455000 nmethod 1307 0x0000000003620750 code [0x00000000036208e0, 0x0000000003620d88]
Event: 1.061 Thread 0x00000000293d4000 nmethod 834 0x0000000003641210 code [0x0000000003642280, 0x0000000003658f10]

GC Heap History (10 events):
Event: 0.532 GC heap before
{Heap before GC invocations=10 (full 0):
 PSYoungGen      total 5120K, used 4849K [0x0000000715b00000, 0x0000000716380000, 0x00000007c0000000)
  eden space 4096K, 99% used [0x0000000715b00000,0x0000000715efc440,0x0000000715f00000)
  from space 1024K, 75% used [0x0000000715f00000,0x0000000715fc0000,0x0000000716000000)
  to   space 1024K, 0% used [0x0000000716280000,0x0000000716280000,0x0000000716380000)
 ParOldGen       total 522752K, used 2240K [0x00000005c1000000, 0x00000005e0e80000, 0x0000000715b00000)
  object space 522752K, 0% used [0x00000005c1000000,0x00000005c12302d0,0x00000005e0e80000)
 Metaspace       used 6032K, capacity 6120K, committed 6400K, reserved 1056768K
  class space    used 639K, capacity 662K, committed 768K, reserved 1048576K
Event: 0.533 GC heap after
Heap after GC invocations=10 (full 0):
 PSYoungGen      total 7168K, used 1019K [0x0000000715b00000, 0x0000000716480000, 0x00000007c0000000)
  eden space 6144K, 0% used [0x0000000715b00000,0x0000000715b00000,0x0000000716100000)
  from space 1024K, 99% used [0x0000000716280000,0x000000071637ef30,0x0000000716380000)
  to   space 1536K, 0% used [0x0000000716100000,0x0000000716100000,0x0000000716280000)
 ParOldGen       total 522752K, used 2616K [0x00000005c1000000, 0x00000005e0e80000, 0x0000000715b00000)
  object space 522752K, 0% used [0x00000005c1000000,0x00000005c128e2f8,0x00000005e0e80000)
 Metaspace       used 6032K, capacity 6120K, committed 6400K, reserved 1056768K
  class space    used 639K, capacity 662K, committed 768K, reserved 1048576K
}
Event: 0.597 GC heap before
{Heap before GC invocations=11 (full 0):
 PSYoungGen      total 7168K, used 7163K [0x0000000715b00000, 0x0000000716480000, 0x00000007c0000000)
  eden space 6144K, 100% used [0x0000000715b00000,0x0000000716100000,0x0000000716100000)
  from space 1024K, 99% used [0x0000000716280000,0x000000071637ef30,0x0000000716380000)
  to   space 1536K, 0% used [0x0000000716100000,0x0000000716100000,0x0000000716280000)
 ParOldGen       total 522752K, used 2616K [0x00000005c1000000, 0x00000005e0e80000, 0x0000000715b00000)
  object space 522752K, 0% used [0x00000005c1000000,0x00000005c128e2f8,0x00000005e0e80000)
 Metaspace       used 7311K, capacity 7542K, committed 7808K, reserved 1056768K
  class space    used 802K, capacity 857K, committed 896K, reserved 1048576K
Event: 0.598 GC heap after
Heap after GC invocations=11 (full 0):
 PSYoungGen      total 7680K, used 770K [0x0000000715b00000, 0x0000000716800000, 0x00000007c0000000)
  eden space 6144K, 0% used [0x0000000715b00000,0x0000000715b00000,0x0000000716100000)
  from space 1536K, 50% used [0x0000000716100000,0x00000007161c0918,0x0000000716280000)
  to   space 1536K, 0% used [0x0000000716680000,0x0000000716680000,0x0000000716800000)
 ParOldGen       total 522752K, used 3270K [0x00000005c1000000, 0x00000005e0e80000, 0x0000000715b00000)
  object space 522752K, 0% used [0x00000005c1000000,0x00000005c1331bc0,0x00000005e0e80000)
 Metaspace       used 7311K, capacity 7542K, committed 7808K, reserved 1056768K
  class space    used 802K, capacity 857K, committed 896K, reserved 1048576K
}
Event: 0.644 GC heap before
{Heap before GC invocations=12 (full 0):
 PSYoungGen      total 7680K, used 6914K [0x0000000715b00000, 0x0000000716800000, 0x00000007c0000000)
  eden space 6144K, 100% used [0x0000000715b00000,0x0000000716100000,0x0000000716100000)
  from space 1536K, 50% used [0x0000000716100000,0x00000007161c0918,0x0000000716280000)
  to   space 1536K, 0% used [0x0000000716680000,0x0000000716680000,0x0000000716800000)
 ParOldGen       total 522752K, used 3270K [0x00000005c1000000, 0x00000005e0e80000, 0x0000000715b00000)
  object space 522752K, 0% used [0x00000005c1000000,0x00000005c1331bc0,0x00000005e0e80000)
 Metaspace       used 7737K, capacity 8024K, committed 8192K, reserved 1056768K
  class space    used 866K, capacity 924K, committed 1024K, reserved 1048576K
Event: 0.645 GC heap after
Heap after GC invocations=12 (full 0):
 PSYoungGen      total 11776K, used 714K [0x0000000715b00000, 0x0000000716800000, 0x00000007c0000000)
  eden space 10240K, 0% used [0x0000000715b00000,0x0000000715b00000,0x0000000716500000)
  from space 1536K, 46% used [0x0000000716680000,0x0000000716732840,0x0000000716800000)
  to   space 1536K, 0% used [0x0000000716500000,0x0000000716500000,0x0000000716680000)
 ParOldGen       total 522752K, used 3679K [0x00000005c1000000, 0x00000005e0e80000, 0x0000000715b00000)
  object space 522752K, 0% used [0x00000005c1000000,0x00000005c1397c00,0x00000005e0e80000)
 Metaspace       used 7737K, capacity 8024K, committed 8192K, reserved 1056768K
  class space    used 866K, capacity 924K, committed 1024K, reserved 1048576K
}
Event: 0.737 GC heap before
{Heap before GC invocations=13 (full 0):
 PSYoungGen      total 11776K, used 10954K [0x0000000715b00000, 0x0000000716800000, 0x00000007c0000000)
  eden space 10240K, 100% used [0x0000000715b00000,0x0000000716500000,0x0000000716500000)
  from space 1536K, 46% used [0x0000000716680000,0x0000000716732840,0x0000000716800000)
  to   space 1536K, 0% used [0x0000000716500000,0x0000000716500000,0x0000000716680000)
 ParOldGen       total 522752K, used 3679K [0x00000005c1000000, 0x00000005e0e80000, 0x0000000715b00000)
  object space 522752K, 0% used [0x00000005c1000000,0x00000005c1397c00,0x00000005e0e80000)
 Metaspace       used 8879K, capacity 9294K, committed 9344K, reserved 1056768K
  class space    used 1030K, capacity 1125K, committed 1152K, reserved 1048576K
Event: 0.739 GC heap after
Heap after GC invocations=13 (full 0):
 PSYoungGen      total 11776K, used 1039K [0x0000000715b00000, 0x0000000716e00000, 0x00000007c0000000)
  eden space 10240K, 0% used [0x0000000715b00000,0x0000000715b00000,0x0000000716500000)
  from space 1536K, 67% used [0x0000000716500000,0x0000000716603e88,0x0000000716680000)
  to   space 1536K, 0% used [0x0000000716c80000,0x0000000716c80000,0x0000000716e00000)
 ParOldGen       total 522752K, used 3926K [0x00000005c1000000, 0x00000005e0e80000, 0x0000000715b00000)
  object space 522752K, 0% used [0x00000005c1000000,0x00000005c13d5af8,0x00000005e0e80000)
 Metaspace       used 8879K, capacity 9294K, committed 9344K, reserved 1056768K
  class space    used 1030K, capacity 1125K, committed 1152K, reserved 1048576K
}
Event: 0.840 GC heap before
{Heap before GC invocations=14 (full 0):
 PSYoungGen      total 11776K, used 11279K [0x0000000715b00000, 0x0000000716e00000, 0x00000007c0000000)
  eden space 10240K, 100% used [0x0000000715b00000,0x0000000716500000,0x0000000716500000)
  from space 1536K, 67% used [0x0000000716500000,0x0000000716603e88,0x0000000716680000)
  to   space 1536K, 0% used [0x0000000716c80000,0x0000000716c80000,0x0000000716e00000)
 ParOldGen       total 522752K, used 3926K [0x00000005c1000000, 0x00000005e0e80000, 0x0000000715b00000)
  object space 522752K, 0% used [0x00000005c1000000,0x00000005c13d5af8,0x00000005e0e80000)
 Metaspace       used 10103K, capacity 10816K, committed 10880K, reserved 1058816K
  class space    used 1227K, capacity 1358K, committed 1408K, reserved 1048576K
Event: 0.841 GC heap after
Heap after GC invocations=14 (full 0):
 PSYoungGen      total 17920K, used 960K [0x0000000715b00000, 0x0000000716e00000, 0x00000007c0000000)
  eden space 16384K, 0% used [0x0000000715b00000,0x0000000715b00000,0x0000000716b00000)
  from space 1536K, 62% used [0x0000000716c80000,0x0000000716d70000,0x0000000716e00000)
  to   space 1536K, 0% used [0x0000000716b00000,0x0000000716b00000,0x0000000716c80000)
 ParOldGen       total 522752K, used 4242K [0x00000005c1000000, 0x00000005e0e80000, 0x0000000715b00000)
  object space 522752K, 0% used [0x00000005c1000000,0x00000005c1424938,0x00000005e0e80000)
 Metaspace       used 10103K, capacity 10816K, committed 10880K, reserved 1058816K
  class space    used 1227K, capacity 1358K, committed 1408K, reserved 1048576K
}

Deoptimization events (6 events):
Event: 0.694 Thread 0x0000000002ecb000 Uncommon trap: reason=bimorphic action=maybe_recompile pc=0x0000000003416bf4 method=java.util.HashMap.putVal(ILjava/lang/Object;Ljava/lang/Object;ZZ)Ljava/lang/Object; @ 91
Event: 0.694 Thread 0x0000000002ecb000 Uncommon trap: reason=bimorphic action=maybe_recompile pc=0x0000000003416bf4 method=java.util.HashMap.putVal(ILjava/lang/Object;Ljava/lang/Object;ZZ)Ljava/lang/Object; @ 91
Event: 0.695 Thread 0x0000000002ecb000 Uncommon trap: reason=bimorphic action=maybe_recompile pc=0x0000000003416bf4 method=java.util.HashMap.putVal(ILjava/lang/Object;Ljava/lang/Object;ZZ)Ljava/lang/Object; @ 91
Event: 0.695 Thread 0x0000000002ecb000 Uncommon trap: reason=bimorphic action=maybe_recompile pc=0x0000000003416bf4 method=java.util.HashMap.putVal(ILjava/lang/Object;Ljava/lang/Object;ZZ)Ljava/lang/Object; @ 91
Event: 0.737 Thread 0x0000000002ecb000 Uncommon trap: reason=class_check action=maybe_recompile pc=0x00000000034f0b78 method=java.util.HashMap.putVal(ILjava/lang/Object;Ljava/lang/Object;ZZ)Ljava/lang/Object; @ 253
Event: 0.847 Thread 0x0000000002ecb000 Uncommon trap: reason=unreached action=reinterpret pc=0x00000000034f7870 method=java.util.HashMap.hash(Ljava/lang/Object;)I @ 1

Internal exceptions (10 events):
Event: 0.839 Thread 0x0000000002ecb000 Exception <a 'java/security/PrivilegedActionException'> (0x00000007164ee298) thrown at [D:\re\workspace\8-2-build-windows-amd64-cygwin\jdk8u5\2488\hotspot\src\share\vm\prims\jvm.cpp, line 1248]
Event: 0.839 Thread 0x0000000002ecb000 Exception <a 'java/security/PrivilegedActionException'> (0x00000007164fa7b0) thrown at [D:\re\workspace\8-2-build-windows-amd64-cygwin\jdk8u5\2488\hotspot\src\share\vm\prims\jvm.cpp, line 1248]
Event: 0.839 Thread 0x0000000002ecb000 Exception <a 'java/security/PrivilegedActionException'> (0x00000007164ff498) thrown at [D:\re\workspace\8-2-build-windows-amd64-cygwin\jdk8u5\2488\hotspot\src\share\vm\prims\jvm.cpp, line 1248]
Event: 0.841 Thread 0x0000000002ecb000 Exception <a 'java/security/PrivilegedActionException'> (0x0000000715b07c48) thrown at [D:\re\workspace\8-2-build-windows-amd64-cygwin\jdk8u5\2488\hotspot\src\share\vm\prims\jvm.cpp, line 1248]
Event: 0.847 Thread 0x0000000002ecb000 Implicit null exception at 0x00000000034f77d8 to 0x00000000034f7866
Event: 0.848 Thread 0x0000000002ecb000 Exception <a 'java/security/PrivilegedActionException'> (0x0000000715b6ccd0) thrown at [D:\re\workspace\8-2-build-windows-amd64-cygwin\jdk8u5\2488\hotspot\src\share\vm\prims\jvm.cpp, line 1248]
Event: 0.848 Thread 0x0000000002ecb000 Exception <a 'java/security/PrivilegedActionException'> (0x0000000715b74bc0) thrown at [D:\re\workspace\8-2-build-windows-amd64-cygwin\jdk8u5\2488\hotspot\src\share\vm\prims\jvm.cpp, line 1248]
Event: 0.849 Thread 0x0000000002ecb000 Exception <a 'java/security/PrivilegedActionException'> (0x0000000715b7c338) thrown at [D:\re\workspace\8-2-build-windows-amd64-cygwin\jdk8u5\2488\hotspot\src\share\vm\prims\jvm.cpp, line 1248]
Event: 0.849 Thread 0x0000000002ecb000 Exception <a 'java/security/PrivilegedActionException'> (0x0000000715b81150) thrown at [D:\re\workspace\8-2-build-windows-amd64-cygwin\jdk8u5\2488\hotspot\src\share\vm\prims\jvm.cpp, line 1248]
Event: 0.851 Thread 0x0000000002ecb000 Exception <a 'java/security/PrivilegedActionException'> (0x0000000715ba4c08) thrown at [D:\re\workspace\8-2-build-windows-amd64-cygwin\jdk8u5\2488\hotspot\src\share\vm\prims\jvm.cpp, line 1248]

Events (10 events):
Event: 143.275 Executing VM operation: GetOrSetLocal
Event: 143.275 Executing VM operation: GetOrSetLocal done
Event: 143.276 Executing VM operation: GetOrSetLocal
Event: 143.276 Executing VM operation: GetOrSetLocal done
Event: 143.283 Executing VM operation: GetOrSetLocal
Event: 143.283 Executing VM operation: GetOrSetLocal done
Event: 143.283 Executing VM operation: GetOrSetLocal
Event: 143.283 Executing VM operation: GetOrSetLocal done
Event: 150.451 Executing VM operation: RedefineClasses
Event: 150.459 Executing VM operation: RedefineClasses done


Dynamic libraries:
0x00007ff6e4640000 - 0x00007ff6e4674000 	C:\Program Files\Java\jdk1.8.0_05\bin\javaw.exe
0x00007ffdbd370000 - 0x00007ffdbd567000 	C:\WINDOWS\SYSTEM32\ntdll.dll
0x00007ffdbb660000 - 0x00007ffdbb71d000 	C:\WINDOWS\System32\KERNEL32.DLL
0x00007ffdbacd0000 - 0x00007ffdbaf9d000 	C:\WINDOWS\System32\KERNELBASE.dll
0x00007ffdbc8c0000 - 0x00007ffdbc96e000 	C:\WINDOWS\System32\ADVAPI32.dll
0x00007ffdbba80000 - 0x00007ffdbbb1e000 	C:\WINDOWS\System32\msvcrt.dll
0x00007ffdbc270000 - 0x00007ffdbc30c000 	C:\WINDOWS\System32\sechost.dll
0x00007ffdbc780000 - 0x00007ffdbc8a5000 	C:\WINDOWS\System32\RPCRT4.dll
0x00007ffdbc970000 - 0x00007ffdbcb10000 	C:\WINDOWS\System32\USER32.dll
0x00007ffdbb1a0000 - 0x00007ffdbb1c2000 	C:\WINDOWS\System32\win32u.dll
0x00007ffdbd2a0000 - 0x00007ffdbd2ca000 	C:\WINDOWS\System32\GDI32.dll
0x00007ffdbb1d0000 - 0x00007ffdbb2db000 	C:\WINDOWS\System32\gdi32full.dll
0x00007ffdbb2e0000 - 0x00007ffdbb37d000 	C:\WINDOWS\System32\msvcp_win.dll
0x00007ffdbb0a0000 - 0x00007ffdbb1a0000 	C:\WINDOWS\System32\ucrtbase.dll
0x00007ffda9ae0000 - 0x00007ffda9d7a000 	C:\WINDOWS\WinSxS\amd64_microsoft.windows.common-controls_6595b64144ccf1df_6.0.19041.1110_none_60b5254171f9507e\COMCTL32.dll
0x00007ffdbb5b0000 - 0x00007ffdbb5e0000 	C:\WINDOWS\System32\IMM32.DLL
0x0000000075310000 - 0x00000000753e2000 	C:\Program Files\Java\jdk1.8.0_05\jre\bin\msvcr100.dll
0x0000000073330000 - 0x0000000073b5a000 	C:\Program Files\Java\jdk1.8.0_05\jre\bin\server\jvm.dll
0x00007ffdbcfb0000 - 0x00007ffdbcfb8000 	C:\WINDOWS\System32\PSAPI.DLL
0x00007ffdb7f00000 - 0x00007ffdb7f09000 	C:\WINDOWS\SYSTEM32\WSOCK32.dll
0x00007ffdb1420000 - 0x00007ffdb1447000 	C:\WINDOWS\SYSTEM32\WINMM.dll
0x00007ffdbcc40000 - 0x00007ffdbccab000 	C:\WINDOWS\System32\WS2_32.dll
0x0000000075300000 - 0x000000007530f000 	C:\Program Files\Java\jdk1.8.0_05\jre\bin\verify.dll
0x00000000752d0000 - 0x00000000752f8000 	C:\Program Files\Java\jdk1.8.0_05\jre\bin\java.dll
0x0000000075290000 - 0x00000000752c5000 	C:\Program Files\Java\jdk1.8.0_05\jre\bin\jdwp.dll
0x0000000075280000 - 0x0000000075288000 	C:\Program Files\Java\jdk1.8.0_05\jre\bin\npt.dll
0x0000000075250000 - 0x0000000075273000 	C:\Program Files\Java\jdk1.8.0_05\jre\bin\instrument.dll
0x0000000075230000 - 0x0000000075246000 	C:\Program Files\Java\jdk1.8.0_05\jre\bin\zip.dll
0x00007ffdbbb20000 - 0x00007ffdbc264000 	C:\WINDOWS\System32\SHELL32.dll
0x00007ffdb8b90000 - 0x00007ffdb9324000 	C:\WINDOWS\SYSTEM32\windows.storage.dll
0x00007ffdbb720000 - 0x00007ffdbba74000 	C:\WINDOWS\System32\combase.dll
0x00007ffdba4f0000 - 0x00007ffdba51c000 	C:\WINDOWS\SYSTEM32\Wldp.dll
0x00007ffdbd190000 - 0x00007ffdbd23d000 	C:\WINDOWS\System32\SHCORE.dll
0x00007ffdbd240000 - 0x00007ffdbd295000 	C:\WINDOWS\System32\shlwapi.dll
0x00007ffdba9d0000 - 0x00007ffdba9ef000 	C:\WINDOWS\SYSTEM32\profapi.dll
0x0000000075220000 - 0x0000000075229000 	C:\Program Files\Java\jdk1.8.0_05\jre\bin\dt_socket.dll
0x00007ffda9f70000 - 0x00007ffda9f87000 	C:\WINDOWS\system32\napinsp.dll
0x00007ffda9f50000 - 0x00007ffda9f6b000 	C:\WINDOWS\system32\pnrpnsp.dll
0x00007ffda9f30000 - 0x00007ffda9f45000 	C:\WINDOWS\system32\wshbth.dll
0x00007ffdb7110000 - 0x00007ffdb712d000 	C:\WINDOWS\system32\NLAapi.dll
0x00007ffdb9ef0000 - 0x00007ffdb9f2b000 	C:\WINDOWS\SYSTEM32\IPHLPAPI.DLL
0x00007ffdba250000 - 0x00007ffdba2ba000 	C:\WINDOWS\System32\mswsock.dll
0x00007ffdb9f40000 - 0x00007ffdba00b000 	C:\WINDOWS\SYSTEM32\DNSAPI.dll
0x00007ffdbb3d0000 - 0x00007ffdbb3d8000 	C:\WINDOWS\System32\NSI.dll
0x00007ffda9f10000 - 0x00007ffda9f22000 	C:\WINDOWS\System32\winrnr.dll
0x00007ffdb0f60000 - 0x00007ffdb0fe0000 	C:\WINDOWS\System32\fwpuclnt.dll
0x00007ffdbabf0000 - 0x00007ffdbac17000 	C:\WINDOWS\System32\bcrypt.dll
0x00007ffdb1280000 - 0x00007ffdb128a000 	C:\Windows\System32\rasadhlp.dll
0x0000000075200000 - 0x000000007521a000 	C:\Program Files\Java\jdk1.8.0_05\jre\bin\net.dll
0x00007ffdab580000 - 0x00007ffdab764000 	C:\WINDOWS\SYSTEM32\dbghelp.dll
0x00007ffdbafa0000 - 0x00007ffdbb022000 	C:\WINDOWS\System32\bcryptPrimitives.dll

VM Arguments:
jvm_args: -agentlib:jdwp=transport=dt_socket,suspend=y,address=localhost:8985 -ea -javaagent:C:\dev\sts-4.4.1.RELEASE\configuration\org.eclipse.osgi\244\0\.cp\lib\javaagent-shaded.jar -Dfile.encoding=UTF-8 
java_command: org.eclipse.jdt.internal.junit.runner.RemoteTestRunner -version 3 -port 8984 -testLoaderClass org.eclipse.jdt.internal.junit5.runner.JUnit5TestLoader -loaderpluginname org.eclipse.jdt.junit5.runtime -test com.gencode.issuetool.etc.UtilsTest:testArray -uniqueId [engine:junit-vintage]/[runner:com.gencode.issuetool.etc.UtilsTest]/[test:testArray(com.gencode.issuetool.etc.UtilsTest)]
java_class_path (initial): C:\dev\workspace\java\wp-dashboard-hdg\target\test-classes;C:\dev\workspace\java\wp-dashboard-hdg\target\classes;C:\dev\sts-4.4.1.RELEASE\plugins\org.junit_4.12.0.v201504281640\junit.jar;C:\dev\sts-4.4.1.RELEASE\plugins\org.hamcrest.core_1.3.0.v20180420-1519.jar;C:\dev\sts-4.4.1.RELEASE\plugins\org.junit.jupiter.api_5.5.1.v20190826-0900.jar;C:\dev\sts-4.4.1.RELEASE\plugins\org.junit.jupiter.engine_5.5.1.v20190826-0900.jar;C:\dev\sts-4.4.1.RELEASE\plugins\org.junit.jupiter.migrationsupport_5.5.1.v20190826-0900.jar;C:\dev\sts-4.4.1.RELEASE\plugins\org.junit.jupiter.params_5.5.1.v20190826-0900.jar;C:\dev\sts-4.4.1.RELEASE\plugins\org.junit.platform.commons_1.5.1.v20190826-0900.jar;C:\dev\sts-4.4.1.RELEASE\plugins\org.junit.platform.engine_1.5.1.v20190826-0900.jar;C:\dev\sts-4.4.1.RELEASE\plugins\org.junit.platform.launcher_1.5.1.v20190826-0900.jar;C:\dev\sts-4.4.1.RELEASE\plugins\org.junit.platform.runner_1.5.1.v20190826-0900.jar;C:\dev\sts-4.4.1.RELEASE\plugins\org.junit.platform.suite.api_1.5.1.v20190826-0900.jar;C:\dev\sts-4.4.1.RELEASE\plugins\org.junit.vintage.engine_5.5.1.v20190826-0900.jar;C:\dev\sts-4.4.1.RELEASE\plugins\org.opentest4j_1.2.0.v20190826-0900.jar;C:\dev\sts-4.4.1.RELEASE\plugins\org.apiguardian_1.1.0.v20190826-0900.jar;C:\Users\jinno\.m2\repository\org\springframework\boot\spring-boot-starter-websocket\2.2.2.RELEASE\spring-boot-starter-websocket-2.2.2.RELEASE.jar;C:\Users\jinno\.m2\repository\org\springframework\spring-messaging\5.2.2.RELEASE\spring-messaging-5.2.2.RELEASE.jar;C:\Users\jinno\.m2\repository\org\springframework\spring-websocket\5.2.2.RELEASE\spring-websocket-5.2.2.RELEASE.jar;C:\Users\jinno\.m2\repository\org\springframework\boot\spring-boot-starter-test\2.2.2.RELEASE\spring-boot-starter-test-2.2.2.RELEASE.jar;C:\Users\jinno\.m2\repository\org\springframework\boot\spring-boot-starter\2.2.2.RELEASE\spring-boot-starter-2.2.2.RELEASE.jar;C:\Users\jinno\.m2\repository\org\springframework\boot\spring-boot-sta
Launcher Type: SUN_STANDARD

Environment Variables:
PATH=C:\Program Files\Java\jdk1.8.0_05\jre\bin;C:/Program Files/Java/jre1.8.0_311/bin/server;C:/Program Files/Java/jre1.8.0_311/bin;C:/Program Files/Java/jre1.8.0_311/lib/amd64;C:\Program Files (x86)\Common Files\Oracle\Java\javapath;C:\Python27\;C:\Python27\Scripts;C:\WINDOWS\system32;C:\WINDOWS;C:\WINDOWS\System32\Wbem;C:\WINDOWS\System32\WindowsPowerShell\v1.0\;C:\Program Files\nodejs\;C:\ProgramData\chocolatey\bin;C:\WINDOWS\System32\OpenSSH\;C:\Program Files\Git\cmd;C:\Program Files\PuTTY\;C:\Program Files\Microsoft SQL Server\110\Tools\Binn\;C:\Program Files\TortoiseGit\bin;C:\Program Files (x86)\Microsoft SQL Server\Client SDK\ODBC\130\Tools\Binn\;C:\Program Files (x86)\Microsoft SQL Server\140\Tools\Binn\;C:\Program Files (x86)\Microsoft SQL Server\140\DTS\Binn\;C:\Program Files (x86)\Microsoft SQL Server\140\Tools\Binn\ManagementStudio\;C:\Program Files\Microsoft SQL Server\Client SDK\ODBC\130\Tools\Binn\;C:\Program Files\Microsoft SQL Server\140\Tools\Binn\;C:\Program Files\Microsoft SQL Server\140\DTS\Binn\;C:\Program Files\Microsoft\Web Platform Installer\;C:\dev\tools\openssl-0.9.8k_X64\bin;C:\Program Files\dotnet\;C:\Program Files\MySQL\MySQL Shell 8.0\bin\;C:\Users\jinno\AppData\Local\Microsoft\WindowsApps;C:\Users\jinno\AppData\Roaming\npm;C:\Users\jinno\AppData\Local\Programs\Microsoft VS Code\bin;C:\Users\jinno\AppData\Local\GitHubDesktop\bin;C:\msys64\mingw64\bin;;C:\dev\sts-4.4.1.RELEASE;
USERNAME=jinno
OS=Windows_NT
PROCESSOR_IDENTIFIER=AMD64 Family 23 Model 113 Stepping 0, AuthenticAMD



---------------  S Y S T E M  ---------------

OS: Windows 8.1 , 64 bit Build 9600 

CPU:total 12 (12 cores per cpu, 1 threads per core) family 23 model 113 stepping 0, cmov, cx8, fxsr, mmx, sse, sse2, sse3, ssse3, sse4.1, sse4.2, popcnt, avx, avx2, aes, clmul, mmxext, 3dnowpref, lzcnt, sse4a, tsc, tscinvbit

Memory: 4k page, physical 33483928k(17127424k free), swap 41776312k(13626272k free)

vm_info: Java HotSpot(TM) 64-Bit Server VM (25.5-b02) for windows-amd64 JRE (1.8.0_05-b13), built on Mar 18 2014 01:08:39 by "java_re" with MS VC++ 10.0 (VS2010)

time: Wed Oct 05 11:07:54 2022
elapsed time: 150 seconds

